2025.10.07 13:45:20 INFO  no build target found for C:\Users\andre\projects\uhcs\ha_uyenco\assign2\scala\fib-app\src\main\scala\fib-app\fibonacciSeries.scala. Using presentation compiler with project's scala-library version: 3.3.6[0m
2025.10.07 13:45:23 INFO  no build target found for C:\Users\andre\projects\uhcs\ha_uyenco\assign2\scala\fib-app\src\main\scala\fib-app\fibonacciSeries.scala. Using presentation compiler with project's scala-library version: 3.3.6[0m
2025.10.07 13:45:28 INFO  Running List(C:\Program Files\scala-cli-x86_64-pc-win32\scala-cli.EXE, setup-ide, C:\Users\andre\projects\uhcs\ha_uyenco\assign2)[0m
2025.10.07 13:45:28 INFO  Attempting to connect to the build server...[0m
2025.10.07 13:45:28 INFO  Running BSP server List(C:\Program Files\scala-cli-x86_64-pc-win32\scala-cli.EXE, bsp, --json-options, C:\Users\andre\projects\uhcs\ha_uyenco\assign2\.scala-build\ide-options-v2.json, --json-launcher-options, C:\Users\andre\projects\uhcs\ha_uyenco\assign2\.scala-build\ide-launcher-options.json, --envs-file, C:\Users\andre\projects\uhcs\ha_uyenco\assign2\.scala-build\ide-envs.json, C:\Users\andre\projects\uhcs\ha_uyenco\assign2)[0m
2025.10.07 13:45:28 INFO  tracing is disabled for protocol BSP, to enable tracing of incoming and outgoing JSON messages create an empty file at C:\Users\andre\projects\uhcs\ha_uyenco\assign2\.metals\bsp.trace.json or C:\Users\andre\AppData\Local\scalameta\metals\cache\bsp.trace.json[0m
2025.10.07 13:45:38 INFO  BSP server: Starting compilation server[0m
2025.10.07 13:45:43 INFO  BSP server: Downloading https://repo1.maven.org/maven2/org/scala-lang/scala3-library_3/3.7.3/scala3-library_3-3.7.3-sources.jar[0m
2025.10.07 13:45:43 INFO  BSP server: Downloading https://repo1.maven.org/maven2/org/scala-lang/scala-library/2.13.16/scala-library-2.13.16-sources.jar[0m
2025.10.07 13:45:43 INFO  BSP server: Downloaded https://repo1.maven.org/maven2/org/scala-lang/scala3-library_3/3.7.3/scala3-library_3-3.7.3-sources.jar[0m
2025.10.07 13:45:43 INFO  BSP server: Downloaded https://repo1.maven.org/maven2/org/scala-lang/scala-library/2.13.16/scala-library-2.13.16-sources.jar[0m
2025.10.07 13:45:43 INFO  BSP server: Downloading https://repo1.maven.org/maven2/com/sourcegraph/semanticdb-javac/0.10.0/semanticdb-javac-0.10.0.pom[0m
2025.10.07 13:45:43 INFO  BSP server: Downloaded https://repo1.maven.org/maven2/com/sourcegraph/semanticdb-javac/0.10.0/semanticdb-javac-0.10.0.pom[0m
2025.10.07 13:45:43 INFO  BSP server: Downloading https://repo1.maven.org/maven2/com/sourcegraph/semanticdb-javac/0.10.0/semanticdb-javac-0.10.0.jar[0m
2025.10.07 13:45:43 INFO  BSP server: Downloaded https://repo1.maven.org/maven2/com/sourcegraph/semanticdb-javac/0.10.0/semanticdb-javac-0.10.0.jar[0m
2025.10.07 13:45:44 INFO  time: Connected to build server in 15s[0m
2025.10.07 13:45:44 INFO  Connected to Build server: scala-cli v1.9.1[0m
2025.10.07 13:45:44 INFO  time: Imported build in 0.25s[0m
2025.10.07 13:45:46 INFO  compiling assign2_19c1cefaf8 (10 scala sources)[0m
2025.10.07 13:45:56 INFO  time: compiled assign2_19c1cefaf8 in 10s[0m
2025.10.07 13:45:56 INFO  compiling assign2_19c1cefaf8 (10 scala sources)[0m
2025.10.07 13:45:59 INFO  time: compiled assign2_19c1cefaf8 in 2.82s[0m
2025.10.07 13:46:09 INFO  time: indexed workspace in 24s[0m
2025.10.07 13:46:09 INFO  compiling assign2_19c1cefaf8 (10 scala sources)[0m
2025.10.07 13:46:10 INFO  time: compiled assign2_19c1cefaf8 in 1.02s[0m
Oct 07, 2025 2:14:09 PM org.eclipse.lsp4j.jsonrpc.services.GenericEndpoint notify
INFO: Unsupported notification method: $/setTrace
Oct 07, 2025 2:14:46 PM org.eclipse.lsp4j.jsonrpc.services.GenericEndpoint notify
INFO: Unsupported notification method: $/setTrace
2025.10.07 14:20:14 INFO  Shutting down server[0m
2025.10.07 14:20:14 INFO  shutting down Metals[0m
2025.10.07 14:20:14 INFO  Shut down connection with build server.[0m
2025.10.07 14:20:14 INFO  Exiting server[0m
2025.10.12 16:57:01 INFO  Started: Metals version 1.6.2 in folders 'C:\Users\andre\projects\uhcs\ha_uyenco\assign2' for client Visual Studio Code 1.104.3.[0m
2025.10.12 16:57:02 INFO  no build target found for C:\Users\andre\projects\uhcs\ha_uyenco\assign2\scala\fib-app\src\main\scala\fib-app\fibonacciAppRecursive.scala. Using presentation compiler with project's scala-library version: 3.3.6[0m
2025.10.12 16:57:07 INFO  no build target found for C:\Users\andre\projects\uhcs\ha_uyenco\assign2\scala\fib-app\src\main\scala\fib-app\fibonacciAppRecursive.scala. Using presentation compiler with project's scala-library version: 3.3.6[0m
2025.10.12 16:57:07 INFO  Attempting to connect to the build server...[0m
2025.10.12 16:57:07 INFO  Running BSP server List(C:\Program Files\scala-cli-x86_64-pc-win32\scala-cli.EXE, bsp, --json-options, C:\Users\andre\projects\uhcs\ha_uyenco\assign2\.scala-build\ide-options-v2.json, --json-launcher-options, C:\Users\andre\projects\uhcs\ha_uyenco\assign2\.scala-build\ide-launcher-options.json, --envs-file, C:\Users\andre\projects\uhcs\ha_uyenco\assign2\.scala-build\ide-envs.json, C:\Users\andre\projects\uhcs\ha_uyenco\assign2)[0m
2025.10.12 16:57:07 INFO  tracing is disabled for protocol BSP, to enable tracing of incoming and outgoing JSON messages create an empty file at C:\Users\andre\projects\uhcs\ha_uyenco\assign2\.metals\bsp.trace.json or C:\Users\andre\AppData\Local\scalameta\metals\cache\bsp.trace.json[0m
2025.10.12 16:57:10 INFO  no build target found for C:\Users\andre\projects\uhcs\ha_uyenco\assign2\scala\fib-app\src\main\scala\fib-app\fibonacciAppRecursive.scala. Using presentation compiler with project's scala-library version: 3.3.6[0m
2025.10.12 16:57:10 INFO  no build target found for C:\Users\andre\projects\uhcs\ha_uyenco\assign2\scala\fib-app\src\main\scala\fib-app\fibonacciAppRecursiveAndIterative.scala. Using presentation compiler with project's scala-library version: 3.3.6[0m
2025.10.12 16:57:11 INFO  no build target found for C:\Users\andre\projects\uhcs\ha_uyenco\assign2\scala\fib-app\src\main\scala\fib-app\fibonacciAppRecursiveAndIterative.scala. Using presentation compiler with project's scala-library version: 3.3.6[0m
2025.10.12 16:57:12 INFO  no build target found for C:\Users\andre\projects\uhcs\ha_uyenco\assign2\scala\fib-app\src\main\scala\fib-app\fibonacciAppRecursiveAndIterative.scala. Using presentation compiler with project's scala-library version: 3.3.6[0m
2025.10.12 16:57:12 INFO  no build target found for C:\Users\andre\projects\uhcs\ha_uyenco\assign2\scala\fib-app\src\main\scala\fib-app\fibonacciAppRecursive.scala. Using presentation compiler with project's scala-library version: 3.3.6[0m
2025.10.12 16:57:12 INFO  no build target found for C:\Users\andre\projects\uhcs\ha_uyenco\assign2\scala\fib-app\src\main\scala\fib-app\fibonacciAppRecursive.scala. Using presentation compiler with project's scala-library version: 3.3.6[0m
Oct 12, 2025 4:57:12 PM org.eclipse.lsp4j.jsonrpc.RemoteEndpoint handleCancellation
WARNING: Unmatched cancel notification for request id 16
Oct 12, 2025 4:57:13 PM org.eclipse.lsp4j.jsonrpc.RemoteEndpoint handleCancellation
WARNING: Unmatched cancel notification for request id 18
2025.10.12 16:57:13 INFO  no build target found for C:\Users\andre\projects\uhcs\ha_uyenco\assign2\scala\fib-app\src\main\scala\fib-app\fibonacciAppRecursive.scala. Using presentation compiler with project's scala-library version: 3.3.6[0m
2025.10.12 16:57:13 INFO  no build target found for C:\Users\andre\projects\uhcs\ha_uyenco\assign2\scala\fib-app\src\main\scala\fib-app\fibonacciAppRecursiveAndIterative.scala. Using presentation compiler with project's scala-library version: 3.3.6[0m
2025.10.12 16:57:14 INFO  no build target found for C:\Users\andre\projects\uhcs\ha_uyenco\assign2\scala\fib-app\src\main\scala\fib-app\fibonacciAppRecursiveAndIterative.scala. Using presentation compiler with project's scala-library version: 3.3.6[0m
2025.10.12 16:57:14 INFO  BSP server: Starting compilation server[0m
2025.10.12 16:57:20 INFO  time: Connected to build server in 13s[0m
2025.10.12 16:57:20 INFO  Connected to Build server: scala-cli v1.9.1[0m
2025.10.12 16:57:20 INFO  time: Imported build in 0.27s[0m
2025.10.12 16:57:22 INFO  compiling assign2_19c1cefaf8 (10 scala sources)[0m
2025.10.12 16:57:31 INFO  time: indexed workspace in 10s[0m
2025.10.12 16:57:33 INFO  time: compiled assign2_19c1cefaf8 in 11s[0m
2025.10.12 16:57:33 INFO  compiling assign2_19c1cefaf8 (10 scala sources)[0m
2025.10.12 16:57:36 INFO  time: compiled assign2_19c1cefaf8 in 2.98s[0m
2025.10.12 16:57:36 INFO  compiling assign2_19c1cefaf8 (10 scala sources)[0m
2025.10.12 16:57:39 INFO  time: compiled assign2_19c1cefaf8 in 2.63s[0m
2025.10.12 17:03:13 INFO  Shutting down server[0m
2025.10.12 17:03:13 INFO  shutting down Metals[0m
2025.10.12 17:03:13 INFO  Shut down connection with build server.[0m
2025.10.12 17:03:13 INFO  Exiting server[0m
2025.10.15 19:19:09 INFO  Started: Metals version 1.6.2 in folders 'C:\Users\andre\projects\uhcs\ha_uyenco\assign2' for client Visual Studio Code 1.105.0.[0m
2025.10.15 19:19:12 INFO  no build target found for C:\Users\andre\projects\uhcs\ha_uyenco\assign2\scala\fib-app\src\main\scala\fib-app\fibonacciSeries.scala. Using presentation compiler with project's scala-library version: 3.3.6[0m
2025.10.15 19:19:13 INFO  Attempting to connect to the build server...[0m
2025.10.15 19:19:13 INFO  Running BSP server List(C:\Program Files\scala-cli-x86_64-pc-win32\scala-cli.EXE, bsp, --json-options, C:\Users\andre\projects\uhcs\ha_uyenco\assign2\.scala-build\ide-options-v2.json, --json-launcher-options, C:\Users\andre\projects\uhcs\ha_uyenco\assign2\.scala-build\ide-launcher-options.json, --envs-file, C:\Users\andre\projects\uhcs\ha_uyenco\assign2\.scala-build\ide-envs.json, C:\Users\andre\projects\uhcs\ha_uyenco\assign2)[0m
2025.10.15 19:19:14 INFO  tracing is disabled for protocol BSP, to enable tracing of incoming and outgoing JSON messages create an empty file at C:\Users\andre\projects\uhcs\ha_uyenco\assign2\.metals\bsp.trace.json or C:\Users\andre\AppData\Local\scalameta\metals\cache\bsp.trace.json[0m
2025.10.15 19:19:20 INFO  BSP server: Starting compilation server[0m
2025.10.15 19:19:27 INFO  time: Connected to build server in 13s[0m
2025.10.15 19:19:27 INFO  Connected to Build server: scala-cli v1.9.1[0m
2025.10.15 19:19:27 INFO  time: Imported build in 0.21s[0m
2025.10.15 19:19:28 INFO  compiling assign2_19c1cefaf8 (10 scala sources)[0m
2025.10.15 19:19:33 INFO  time: indexed workspace in 5.69s[0m
2025.10.15 19:19:42 INFO  time: compiled assign2_19c1cefaf8 in 14s[0m
2025.10.15 19:19:42 INFO  compiling assign2_19c1cefaf8 (10 scala sources)[0m
2025.10.15 19:19:46 INFO  time: compiled assign2_19c1cefaf8 in 3.71s[0m
2025.10.15 19:19:46 INFO  compiling assign2_19c1cefaf8 (10 scala sources)[0m
2025.10.15 19:19:50 INFO  time: compiled assign2_19c1cefaf8 in 4.09s[0m
2025.10.22 17:48:45 INFO  Started: Metals version 1.6.3 in folders 'C:\Users\andre\projects\uhcs\ha_uyenco\assign2' for client Visual Studio Code 1.105.1.[0m
2025.10.22 17:48:49 WARN  Using H2 2.4.240 which is newer than the version Flyway has been verified with. The latest verified version of H2 is 2.3.232.[0m
2025.10.22 17:48:50 INFO  no build target found for C:\Users\andre\projects\uhcs\ha_uyenco\assign2\scala\fib-app\src\main\scala\fib-app\fibonacciSeries.scala. Using presentation compiler with project's scala-library version: 3.3.6[0m
2025.10.22 17:48:50 INFO  Attempting to connect to the build server...[0m
2025.10.22 17:48:50 INFO  Running BSP server List(C:\Program Files\scala-cli-x86_64-pc-win32\scala-cli.EXE, bsp, --json-options, C:\Users\andre\projects\uhcs\ha_uyenco\assign2\.scala-build\ide-options-v2.json, --json-launcher-options, C:\Users\andre\projects\uhcs\ha_uyenco\assign2\.scala-build\ide-launcher-options.json, --envs-file, C:\Users\andre\projects\uhcs\ha_uyenco\assign2\.scala-build\ide-envs.json, C:\Users\andre\projects\uhcs\ha_uyenco\assign2)[0m
2025.10.22 17:48:50 INFO  tracing is disabled for protocol BSP, to enable tracing of incoming and outgoing JSON messages create an empty file at C:\Users\andre\projects\uhcs\ha_uyenco\assign2\.metals\bsp.trace.json or C:\Users\andre\AppData\Local\scalameta\metals\cache\bsp.trace.json[0m
2025.10.22 17:48:57 INFO  BSP server: Starting compilation server[0m
2025.10.22 17:49:01 INFO  no build target found for C:\Users\andre\projects\uhcs\ha_uyenco\assign2\scala\fib-app\src\main\scala\fib-app\fibonacciSeries.scala. Using presentation compiler with project's scala-library version: 3.3.6[0m
2025.10.22 17:49:01 INFO  no build target found for C:\Users\andre\projects\uhcs\ha_uyenco\assign2\scala\fib-app\src\main\scala\fib-app\fibonacciAppRecursiveAndIterative.scala. Using presentation compiler with project's scala-library version: 3.3.6[0m
2025.10.22 17:49:01 INFO  no build target found for C:\Users\andre\projects\uhcs\ha_uyenco\assign2\scala\fib-app\src\main\scala\fib-app\fibonacciAppRecursiveAndIterative.scala. Using presentation compiler with project's scala-library version: 3.3.6[0m
2025.10.22 17:49:04 INFO  time: Connected to build server in 13s[0m
2025.10.22 17:49:04 INFO  Connected to Build server: scala-cli v1.9.1[0m
2025.10.22 17:49:04 INFO  time: Imported build in 0.31s[0m
2025.10.22 17:49:06 INFO  compiling assign2_19c1cefaf8 (10 scala sources)[0m
2025.10.22 17:49:12 WARN  Using H2 2.4.240 which is newer than the version Flyway has been verified with. The latest verified version of H2 is 2.3.232.[0m
2025.10.22 17:49:15 INFO  time: compiled assign2_19c1cefaf8 in 9s[0m
2025.10.22 17:49:15 INFO  compiling assign2_19c1cefaf8 (10 scala sources)[0m
2025.10.22 17:49:15 INFO  time: indexed workspace in 10s[0m
2025.10.22 17:49:18 INFO  time: compiled assign2_19c1cefaf8 in 3.23s[0m
2025.10.22 17:49:18 INFO  compiling assign2_19c1cefaf8 (10 scala sources)[0m
2025.10.22 17:49:21 INFO  time: compiled assign2_19c1cefaf8 in 2.15s[0m
2025.10.22 18:18:34 INFO  Shutting down server[0m
2025.10.22 18:18:34 INFO  shutting down Metals[0m
2025.10.22 18:18:34 INFO  Shut down connection with build server.[0m
2025.10.22 18:18:34 INFO  Exiting server[0m
2025.12.03 19:04:36 INFO  Started: Metals version 1.6.4 in folders 'C:\Users\andre\projects\uhcs\ha_uyenco\assign2' for client Visual Studio Code 1.106.3.[0m
2025.12.03 19:04:37 WARN  Using H2 2.4.240 which is newer than the version Flyway has been verified with. The latest verified version of H2 is 2.3.232.[0m
2025.12.03 19:04:37 INFO  Attempting to connect to the build server...[0m
2025.12.03 19:04:37 INFO  Running BSP server List(C:\Program Files\scala-cli-x86_64-pc-win32\scala-cli.EXE, bsp, --json-options, C:\Users\andre\projects\uhcs\ha_uyenco\assign2\.scala-build\ide-options-v2.json, --json-launcher-options, C:\Users\andre\projects\uhcs\ha_uyenco\assign2\.scala-build\ide-launcher-options.json, --envs-file, C:\Users\andre\projects\uhcs\ha_uyenco\assign2\.scala-build\ide-envs.json, C:\Users\andre\projects\uhcs\ha_uyenco\assign2)[0m
2025.12.03 19:04:38 INFO  tracing is disabled for protocol BSP, to enable tracing of incoming and outgoing JSON messages create an empty file at C:\Users\andre\projects\uhcs\ha_uyenco\assign2\.metals\bsp.trace.json or C:\Users\andre\AppData\Local\scalameta\metals\cache\bsp.trace.json[0m
2025.12.03 19:04:45 INFO  time: Connected to build server in 6.74s[0m
2025.12.03 19:04:45 INFO  Connected to Build server: scala-cli v1.9.1[0m
2025.12.03 19:04:45 INFO  time: Imported build in 0.26s[0m
2025.12.03 19:04:46 INFO  compiling assign2_19c1cefaf8 (10 scala sources)[0m
2025.12.03 19:04:55 INFO  time: compiled assign2_19c1cefaf8 in 8.69s[0m
2025.12.03 19:04:55 INFO  compiling assign2_19c1cefaf8 (10 scala sources)[0m
2025.12.03 19:04:58 WARN  Using H2 2.4.240 which is newer than the version Flyway has been verified with. The latest verified version of H2 is 2.3.232.[0m
2025.12.03 19:04:59 INFO  time: indexed workspace in 13s[0m
2025.12.03 19:05:00 INFO  time: compiled assign2_19c1cefaf8 in 4.44s[0m
Dec 03, 2025 7:19:02 PM org.eclipse.lsp4j.jsonrpc.services.GenericEndpoint notify
INFO: Unsupported notification method: $/setTrace
2025.12.03 19:39:14 INFO  Shutting down server[0m
2025.12.03 19:39:14 INFO  shutting down Metals[0m
2025.12.03 19:39:14 INFO  Shut down connection with build server.[0m
2025.12.03 19:39:14 INFO  Exiting server[0m
2025.12.10 21:49:01 INFO  Started: Metals version 1.6.4 in folders 'C:\Users\andre\projects\uhcs\ha_uyenco\assign2' for client Visual Studio Code 1.107.0.[0m
2025.12.10 21:49:03 WARN  Using H2 2.4.240 which is newer than the version Flyway has been verified with. The latest verified version of H2 is 2.3.232.[0m
2025.12.10 21:49:03 INFO  no build target found for C:\Users\andre\projects\uhcs\ha_uyenco\assign2\scala\fib-app\src\main\scala\fib-app\fibonacciAppRecursiveAndIterative.scala. Using presentation compiler with project's scala-library version: 3.3.6[0m
2025.12.10 21:49:05 INFO  no build target found for C:\Users\andre\projects\uhcs\ha_uyenco\assign2\scala\fib-app\src\main\scala\fib-app\fibonacciAppRecursiveAndIterative.scala. Using presentation compiler with project's scala-library version: 3.3.6[0m
2025.12.10 21:49:05 INFO  Attempting to connect to the build server...[0m
2025.12.10 21:49:05 INFO  Running BSP server List(C:\Program Files\scala-cli-x86_64-pc-win32\scala-cli.EXE, bsp, --json-options, C:\Users\andre\projects\uhcs\ha_uyenco\assign2\.scala-build\ide-options-v2.json, --json-launcher-options, C:\Users\andre\projects\uhcs\ha_uyenco\assign2\.scala-build\ide-launcher-options.json, --envs-file, C:\Users\andre\projects\uhcs\ha_uyenco\assign2\.scala-build\ide-envs.json, C:\Users\andre\projects\uhcs\ha_uyenco\assign2)[0m
2025.12.10 21:49:05 INFO  tracing is disabled for protocol BSP, to enable tracing of incoming and outgoing JSON messages create an empty file at C:\Users\andre\projects\uhcs\ha_uyenco\assign2\.metals\bsp.trace.json or C:\Users\andre\AppData\Local\scalameta\metals\cache\bsp.trace.json[0m
2025.12.10 21:49:10 INFO  time: Connected to build server in 5.25s[0m
2025.12.10 21:49:10 INFO  Connected to Build server: scala-cli v1.9.1[0m
2025.12.10 21:49:10 INFO  time: Imported build in 0.17s[0m
2025.12.10 21:49:11 INFO  compiling assign2_19c1cefaf8 (10 scala sources)[0m
2025.12.10 21:49:15 WARN  Using H2 2.4.240 which is newer than the version Flyway has been verified with. The latest verified version of H2 is 2.3.232.[0m
2025.12.10 21:49:16 INFO  time: compiled assign2_19c1cefaf8 in 4.6s[0m
2025.12.10 21:49:16 INFO  compiling assign2_19c1cefaf8 (10 scala sources)[0m
2025.12.10 21:49:15 INFO  time: indexed workspace in 5.54s[0m
2025.12.10 21:49:18 INFO  time: compiled assign2_19c1cefaf8 in 1.92s[0m
2025.12.10 21:49:18 INFO  compiling assign2_19c1cefaf8 (10 scala sources)[0m
2025.12.10 21:49:20 INFO  time: compiled assign2_19c1cefaf8 in 1.82s[0m
